2025-05-22 23:15:02,001 - werkzeug - INFO - [31m[1mWARNING: This is a development server. Do not use it in a production deployment. Use a production WSGI server instead.[0m
 * Running on http://127.0.0.1:5000
2025-05-22 23:15:02,001 - werkzeug - INFO - [33mPress CTRL+C to quit[0m
2025-05-22 23:15:02,003 - werkzeug - INFO -  * Restarting with stat
2025-05-22 23:15:05,765 - werkzeug - WARNING -  * Debugger is active!
2025-05-22 23:15:05,768 - werkzeug - INFO -  * Debugger PIN: 419-105-580
2025-05-22 23:15:39,061 - werkzeug - INFO - [31m[1mWARNING: This is a development server. Do not use it in a production deployment. Use a production WSGI server instead.[0m
 * Running on http://127.0.0.1:5000
2025-05-22 23:15:39,062 - werkzeug - INFO - [33mPress CTRL+C to quit[0m
2025-05-22 23:15:39,064 - werkzeug - INFO -  * Restarting with stat
2025-05-22 23:15:42,555 - werkzeug - WARNING -  * Debugger is active!
2025-05-22 23:15:42,558 - werkzeug - INFO -  * Debugger PIN: 419-105-580
2025-05-22 23:17:16,638 - werkzeug - INFO - [31m[1mWARNING: This is a development server. Do not use it in a production deployment. Use a production WSGI server instead.[0m
 * Running on all addresses (0.0.0.0)
 * Running on http://127.0.0.1:5000
 * Running on http://192.168.1.112:5000
2025-05-22 23:17:16,638 - werkzeug - INFO - [33mPress CTRL+C to quit[0m
2025-05-22 23:17:16,642 - werkzeug - INFO -  * Restarting with stat
2025-05-22 23:17:20,526 - werkzeug - WARNING -  * Debugger is active!
2025-05-22 23:17:20,529 - werkzeug - INFO -  * Debugger PIN: 419-105-580
2025-05-22 23:17:49,716 - werkzeug - INFO -  * Detected change in 'D:\\Projects\\~ Support AI - Python Base Project\\run.py', reloading
2025-05-22 23:17:50,294 - werkzeug - INFO -  * Restarting with stat
2025-05-22 23:17:56,288 - werkzeug - WARNING -  * Debugger is active!
2025-05-22 23:17:56,291 - werkzeug - INFO -  * Debugger PIN: 419-105-580
2025-05-22 23:18:01,713 - werkzeug - INFO - [31m[1mWARNING: This is a development server. Do not use it in a production deployment. Use a production WSGI server instead.[0m
 * Running on http://127.0.0.1:5000
2025-05-22 23:18:01,713 - werkzeug - INFO - [33mPress CTRL+C to quit[0m
2025-05-22 23:18:36,921 - app - ERROR - Exception on / [GET]
Traceback (most recent call last):
  File "C:\Users\Mehrdad\AppData\Local\Programs\Python\Python313\Lib\site-packages\flask\app.py", line 1511, in wsgi_app
    response = self.full_dispatch_request()
  File "C:\Users\Mehrdad\AppData\Local\Programs\Python\Python313\Lib\site-packages\flask\app.py", line 919, in full_dispatch_request
    rv = self.handle_user_exception(e)
  File "C:\Users\Mehrdad\AppData\Local\Programs\Python\Python313\Lib\site-packages\flask\app.py", line 917, in full_dispatch_request
    rv = self.dispatch_request()
  File "C:\Users\Mehrdad\AppData\Local\Programs\Python\Python313\Lib\site-packages\flask\app.py", line 902, in dispatch_request
    return self.ensure_sync(self.view_functions[rule.endpoint])(**view_args)  # type: ignore[no-any-return]
           ~~~~~~~~~~~~~~~~~~~~~~~~~~~~~~~~~~~~~~~~~~~~~~~~~~~~^^^^^^^^^^^^^
  File "D:\Projects\~ Support AI - Python Base Project\app\routes.py", line 22, in index
    return render_template('index.html', site_id='support', supporters=get_all_supporters())
  File "C:\Users\Mehrdad\AppData\Local\Programs\Python\Python313\Lib\site-packages\flask\templating.py", line 149, in render_template
    template = app.jinja_env.get_or_select_template(template_name_or_list)
  File "C:\Users\Mehrdad\AppData\Local\Programs\Python\Python313\Lib\site-packages\jinja2\environment.py", line 1087, in get_or_select_template
    return self.get_template(template_name_or_list, parent, globals)
           ~~~~~~~~~~~~~~~~~^^^^^^^^^^^^^^^^^^^^^^^^^^^^^^^^^^^^^^^^
  File "C:\Users\Mehrdad\AppData\Local\Programs\Python\Python313\Lib\site-packages\jinja2\environment.py", line 1016, in get_template
    return self._load_template(name, globals)
           ~~~~~~~~~~~~~~~~~~~^^^^^^^^^^^^^^^
  File "C:\Users\Mehrdad\AppData\Local\Programs\Python\Python313\Lib\site-packages\jinja2\environment.py", line 975, in _load_template
    template = self.loader.load(self, name, self.make_globals(globals))
  File "C:\Users\Mehrdad\AppData\Local\Programs\Python\Python313\Lib\site-packages\jinja2\loaders.py", line 126, in load
    source, filename, uptodate = self.get_source(environment, name)
                                 ~~~~~~~~~~~~~~~^^^^^^^^^^^^^^^^^^^
  File "C:\Users\Mehrdad\AppData\Local\Programs\Python\Python313\Lib\site-packages\flask\templating.py", line 65, in get_source
    return self._get_source_fast(environment, template)
           ~~~~~~~~~~~~~~~~~~~~~^^^^^^^^^^^^^^^^^^^^^^^
  File "C:\Users\Mehrdad\AppData\Local\Programs\Python\Python313\Lib\site-packages\flask\templating.py", line 99, in _get_source_fast
    raise TemplateNotFound(template)
jinja2.exceptions.TemplateNotFound: index.html
2025-05-22 23:18:36,930 - werkzeug - INFO - 127.0.0.1 - - [22/May/2025 23:18:36] "[35m[1mGET / HTTP/1.1[0m" 500 -
2025-05-22 23:18:38,031 - werkzeug - INFO - 127.0.0.1 - - [22/May/2025 23:18:38] "[33mGET /favicon.ico HTTP/1.1[0m" 404 -
2025-05-22 23:19:22,848 - werkzeug - INFO - [31m[1mWARNING: This is a development server. Do not use it in a production deployment. Use a production WSGI server instead.[0m
 * Running on all addresses (0.0.0.0)
 * Running on http://127.0.0.1:5000
 * Running on http://192.168.1.112:5000
2025-05-22 23:19:22,848 - werkzeug - INFO - [33mPress CTRL+C to quit[0m
2025-05-22 23:19:22,851 - werkzeug - INFO -  * Restarting with stat
2025-05-22 23:19:27,225 - werkzeug - WARNING -  * Debugger is active!
2025-05-22 23:19:27,228 - werkzeug - INFO -  * Debugger PIN: 419-105-580
2025-05-22 23:19:35,729 - werkzeug - INFO - 127.0.0.1 - - [22/May/2025 23:19:35] "[35m[1mGET / HTTP/1.1[0m" 500 -
2025-05-22 23:19:35,746 - werkzeug - ERROR - Error on request:
Traceback (most recent call last):
  File "C:\Users\Mehrdad\AppData\Local\Programs\Python\Python313\Lib\site-packages\werkzeug\serving.py", line 370, in run_wsgi
    execute(self.server.app)
    ~~~~~~~^^^^^^^^^^^^^^^^^
  File "C:\Users\Mehrdad\AppData\Local\Programs\Python\Python313\Lib\site-packages\werkzeug\serving.py", line 331, in execute
    application_iter = app(environ, start_response)
  File "C:\Users\Mehrdad\AppData\Local\Programs\Python\Python313\Lib\site-packages\flask\app.py", line 1536, in __call__
    return self.wsgi_app(environ, start_response)
           ~~~~~~~~~~~~~^^^^^^^^^^^^^^^^^^^^^^^^^
  File "C:\Users\Mehrdad\AppData\Local\Programs\Python\Python313\Lib\site-packages\flask\app.py", line 1514, in wsgi_app
    response = self.handle_exception(e)
  File "C:\Users\Mehrdad\AppData\Local\Programs\Python\Python313\Lib\site-packages\flask\app.py", line 1511, in wsgi_app
    response = self.full_dispatch_request()
  File "C:\Users\Mehrdad\AppData\Local\Programs\Python\Python313\Lib\site-packages\flask\app.py", line 919, in full_dispatch_request
    rv = self.handle_user_exception(e)
  File "C:\Users\Mehrdad\AppData\Local\Programs\Python\Python313\Lib\site-packages\flask\app.py", line 917, in full_dispatch_request
    rv = self.dispatch_request()
  File "C:\Users\Mehrdad\AppData\Local\Programs\Python\Python313\Lib\site-packages\flask\app.py", line 902, in dispatch_request
    return self.ensure_sync(self.view_functions[rule.endpoint])(**view_args)  # type: ignore[no-any-return]
           ~~~~~~~~~~~~~~~~~~~~~~~~~~~~~~~~~~~~~~~~~~~~~~~~~~~~^^^^^^^^^^^^^
  File "D:\Projects\~ Support AI - Python Base Project\app\routes.py", line 22, in index
    return render_template('index.html', site_id='support', supporters=get_all_supporters())
  File "C:\Users\Mehrdad\AppData\Local\Programs\Python\Python313\Lib\site-packages\flask\templating.py", line 149, in render_template
    template = app.jinja_env.get_or_select_template(template_name_or_list)
  File "C:\Users\Mehrdad\AppData\Local\Programs\Python\Python313\Lib\site-packages\jinja2\environment.py", line 1087, in get_or_select_template
    return self.get_template(template_name_or_list, parent, globals)
           ~~~~~~~~~~~~~~~~~^^^^^^^^^^^^^^^^^^^^^^^^^^^^^^^^^^^^^^^^
  File "C:\Users\Mehrdad\AppData\Local\Programs\Python\Python313\Lib\site-packages\jinja2\environment.py", line 1016, in get_template
    return self._load_template(name, globals)
           ~~~~~~~~~~~~~~~~~~~^^^^^^^^^^^^^^^
  File "C:\Users\Mehrdad\AppData\Local\Programs\Python\Python313\Lib\site-packages\jinja2\environment.py", line 975, in _load_template
    template = self.loader.load(self, name, self.make_globals(globals))
  File "C:\Users\Mehrdad\AppData\Local\Programs\Python\Python313\Lib\site-packages\jinja2\loaders.py", line 126, in load
    source, filename, uptodate = self.get_source(environment, name)
                                 ~~~~~~~~~~~~~~~^^^^^^^^^^^^^^^^^^^
  File "C:\Users\Mehrdad\AppData\Local\Programs\Python\Python313\Lib\site-packages\flask\templating.py", line 65, in get_source
    return self._get_source_fast(environment, template)
           ~~~~~~~~~~~~~~~~~~~~~^^^^^^^^^^^^^^^^^^^^^^^
  File "C:\Users\Mehrdad\AppData\Local\Programs\Python\Python313\Lib\site-packages\flask\templating.py", line 99, in _get_source_fast
    raise TemplateNotFound(template)
jinja2.exceptions.TemplateNotFound: index.html
2025-05-22 23:19:44,606 - werkzeug - INFO - [31m[1mWARNING: This is a development server. Do not use it in a production deployment. Use a production WSGI server instead.[0m
 * Running on all addresses (0.0.0.0)
 * Running on http://127.0.0.1:5000
 * Running on http://192.168.1.112:5000
2025-05-22 23:19:44,606 - werkzeug - INFO - [33mPress CTRL+C to quit[0m
2025-05-22 23:19:44,609 - werkzeug - INFO -  * Restarting with stat
2025-05-22 23:19:48,423 - werkzeug - WARNING -  * Debugger is active!
2025-05-22 23:19:48,426 - werkzeug - INFO -  * Debugger PIN: 419-105-580
2025-05-22 23:19:52,580 - werkzeug - INFO - 127.0.0.1 - - [22/May/2025 23:19:52] "[35m[1mGET / HTTP/1.1[0m" 500 -
2025-05-22 23:19:52,607 - werkzeug - INFO - 127.0.0.1 - - [22/May/2025 23:19:52] "GET /?__debugger__=yes&cmd=resource&f=style.css HTTP/1.1" 200 -
2025-05-22 23:19:52,837 - werkzeug - INFO - 127.0.0.1 - - [22/May/2025 23:19:52] "GET /?__debugger__=yes&cmd=resource&f=debugger.js HTTP/1.1" 200 -
2025-05-22 23:19:53,151 - werkzeug - INFO - 127.0.0.1 - - [22/May/2025 23:19:53] "GET /?__debugger__=yes&cmd=resource&f=debugger.js HTTP/1.1" 200 -
2025-05-22 23:19:53,203 - werkzeug - INFO - 127.0.0.1 - - [22/May/2025 23:19:53] "GET /?__debugger__=yes&cmd=resource&f=console.png&s=FxFaADo9FulQkNJK9O9D HTTP/1.1" 200 -
2025-05-22 23:19:53,453 - werkzeug - INFO - 127.0.0.1 - - [22/May/2025 23:19:53] "GET /?__debugger__=yes&cmd=resource&f=console.png HTTP/1.1" 200 -
2025-05-22 23:20:13,611 - werkzeug - INFO -  * Detected change in 'D:\\Projects\\~ Support AI - Python Base Project\\app\\__init__.py', reloading
2025-05-22 23:20:14,163 - werkzeug - INFO -  * Restarting with stat
2025-05-22 23:20:25,173 - werkzeug - INFO - [31m[1mWARNING: This is a development server. Do not use it in a production deployment. Use a production WSGI server instead.[0m
 * Running on all addresses (0.0.0.0)
 * Running on http://127.0.0.1:5000
 * Running on http://192.168.1.112:5000
2025-05-22 23:20:25,173 - werkzeug - INFO - [33mPress CTRL+C to quit[0m
2025-05-22 23:20:25,175 - werkzeug - INFO -  * Restarting with stat
2025-05-22 23:20:29,014 - werkzeug - WARNING -  * Debugger is active!
2025-05-22 23:20:29,016 - werkzeug - INFO -  * Debugger PIN: 419-105-580
2025-05-22 23:20:32,897 - werkzeug - INFO - 127.0.0.1 - - [22/May/2025 23:20:32] "GET / HTTP/1.1" 200 -
2025-05-22 23:20:32,965 - werkzeug - INFO - 127.0.0.1 - - [22/May/2025 23:20:32] "GET /static/css/main.css HTTP/1.1" 200 -
2025-05-22 23:21:09,304 - werkzeug - INFO -  * Detected change in 'D:\\Projects\\~ Support AI - Python Base Project\\app\\chat.py', reloading
2025-05-22 23:21:09,760 - werkzeug - INFO -  * Restarting with stat
2025-05-22 23:21:13,386 - werkzeug - WARNING -  * Debugger is active!
2025-05-22 23:21:13,388 - werkzeug - INFO -  * Debugger PIN: 419-105-580
2025-05-22 23:21:15,423 - werkzeug - INFO -  * Detected change in 'D:\\Projects\\~ Support AI - Python Base Project\\app\\chat.py', reloading
2025-05-22 23:21:15,908 - werkzeug - INFO -  * Restarting with stat
